  ConsoleApplication1.cpp
C:\Users\lordm\source\repos\ConsoleApplication1\ConsoleApplication1\nlohmann\json.hpp(3805,101): warning C4003: недостаточно аргументов для вызова макроса, подобного функции, "max"
C:\Users\lordm\source\repos\ConsoleApplication1\ConsoleApplication1\nlohmann\json.hpp(3805,101): error C2589: (: недопустимая лексема справа от "::"
C:\Users\lordm\source\repos\ConsoleApplication1\ConsoleApplication1\nlohmann\json.hpp(3807): message : выполняется компиляция ссылки на экземпляр класс шаблон функции "nlohmann::detail::value_in_range_of_impl2<OfType,T,false,false>"
C:\Users\lordm\source\repos\ConsoleApplication1\ConsoleApplication1\nlohmann\json.hpp(3805,101): error C2760: синтаксическая ошибка: непредвиденный элемент "(". Ожидается ")"
C:\Users\lordm\source\repos\ConsoleApplication1\ConsoleApplication1\nlohmann\json.hpp(3805,101): error C3878: синтаксическая ошибка: непредвиденный маркер "(" после "expression"
C:\Users\lordm\source\repos\ConsoleApplication1\ConsoleApplication1\nlohmann\json.hpp(3805,101): message : пропущено восстановление ошибки: "("
C:\Users\lordm\source\repos\ConsoleApplication1\ConsoleApplication1\nlohmann\json.hpp(3805,101): error C2760: синтаксическая ошибка: непредвиденный элемент ")". Ожидается ";"
C:\Users\lordm\source\repos\ConsoleApplication1\ConsoleApplication1\nlohmann\json.hpp(3805,101): error C3878: синтаксическая ошибка: непредвиденный маркер ")" после "jump_statement"
C:\Users\lordm\source\repos\ConsoleApplication1\ConsoleApplication1\nlohmann\json.hpp(3805,101): message : пропущено восстановление ошибки: ") >"
C:\Users\lordm\source\repos\ConsoleApplication1\ConsoleApplication1\nlohmann\json.hpp(3805,101): error C2760: синтаксическая ошибка: непредвиденный элемент ")". Ожидается "выражение"
C:\Users\lordm\source\repos\ConsoleApplication1\ConsoleApplication1\nlohmann\json.hpp(3805,101): error C3878: синтаксическая ошибка: непредвиденный маркер ")" после "expression_statement"
C:\Users\lordm\source\repos\ConsoleApplication1\ConsoleApplication1\nlohmann\json.hpp(3805,101): message : пропущено восстановление ошибки: ") ) ?"
C:\Users\lordm\source\repos\ConsoleApplication1\ConsoleApplication1\nlohmann\json.hpp(3805,101): message : пропущено восстановление ошибки: ") :"
C:\Users\lordm\source\repos\ConsoleApplication1\ConsoleApplication1\nlohmann\json.hpp(3805,101): message : пропущено восстановление ошибки: ") ) )"
C:\Users\lordm\source\repos\ConsoleApplication1\ConsoleApplication1\nlohmann\json.hpp(3815,101): warning C4003: недостаточно аргументов для вызова макроса, подобного функции, "max"
C:\Users\lordm\source\repos\ConsoleApplication1\ConsoleApplication1\nlohmann\json.hpp(3815,101): error C2589: (: недопустимая лексема справа от "::"
C:\Users\lordm\source\repos\ConsoleApplication1\ConsoleApplication1\nlohmann\json.hpp(3817): message : выполняется компиляция ссылки на экземпляр класс шаблон функции "nlohmann::detail::value_in_range_of_impl2<OfType,T,true,false>"
C:\Users\lordm\source\repos\ConsoleApplication1\ConsoleApplication1\nlohmann\json.hpp(3815,101): error C2760: синтаксическая ошибка: непредвиденный элемент "(". Ожидается ")"
C:\Users\lordm\source\repos\ConsoleApplication1\ConsoleApplication1\nlohmann\json.hpp(3815,101): error C3878: синтаксическая ошибка: непредвиденный маркер "(" после "expression"
C:\Users\lordm\source\repos\ConsoleApplication1\ConsoleApplication1\nlohmann\json.hpp(3815,101): message : пропущено восстановление ошибки: "("
C:\Users\lordm\source\repos\ConsoleApplication1\ConsoleApplication1\nlohmann\json.hpp(3815,101): error C2760: синтаксическая ошибка: непредвиденный элемент ")". Ожидается ";"
C:\Users\lordm\source\repos\ConsoleApplication1\ConsoleApplication1\nlohmann\json.hpp(3815,101): error C3878: синтаксическая ошибка: непредвиденный маркер ")" после "jump_statement"
C:\Users\lordm\source\repos\ConsoleApplication1\ConsoleApplication1\nlohmann\json.hpp(3815,101): message : пропущено восстановление ошибки: ") >"
C:\Users\lordm\source\repos\ConsoleApplication1\ConsoleApplication1\nlohmann\json.hpp(3815,101): error C2760: синтаксическая ошибка: непредвиденный элемент ")". Ожидается "выражение"
C:\Users\lordm\source\repos\ConsoleApplication1\ConsoleApplication1\nlohmann\json.hpp(3815,101): error C3878: синтаксическая ошибка: непредвиденный маркер ")" после "expression_statement"
C:\Users\lordm\source\repos\ConsoleApplication1\ConsoleApplication1\nlohmann\json.hpp(3815,101): message : пропущено восстановление ошибки: ") ) ?"
C:\Users\lordm\source\repos\ConsoleApplication1\ConsoleApplication1\nlohmann\json.hpp(3815,101): message : пропущено восстановление ошибки: ") :"
C:\Users\lordm\source\repos\ConsoleApplication1\ConsoleApplication1\nlohmann\json.hpp(3815,101): message : пропущено восстановление ошибки: ") ) )"
C:\Users\lordm\source\repos\ConsoleApplication1\ConsoleApplication1\nlohmann\json.hpp(3825,113): warning C4003: недостаточно аргументов для вызова макроса, подобного функции, "max"
C:\Users\lordm\source\repos\ConsoleApplication1\ConsoleApplication1\nlohmann\json.hpp(3825,113): error C2589: (: недопустимая лексема справа от "::"
C:\Users\lordm\source\repos\ConsoleApplication1\ConsoleApplication1\nlohmann\json.hpp(3827): message : выполняется компиляция ссылки на экземпляр класс шаблон функции "nlohmann::detail::value_in_range_of_impl2<OfType,T,false,true>"
C:\Users\lordm\source\repos\ConsoleApplication1\ConsoleApplication1\nlohmann\json.hpp(3825,113): error C2760: синтаксическая ошибка: непредвиденный элемент "(". Ожидается ")"
C:\Users\lordm\source\repos\ConsoleApplication1\ConsoleApplication1\nlohmann\json.hpp(3825,113): error C3878: синтаксическая ошибка: непредвиденный маркер "(" после "expression"
C:\Users\lordm\source\repos\ConsoleApplication1\ConsoleApplication1\nlohmann\json.hpp(3825,113): message : пропущено восстановление ошибки: "("
C:\Users\lordm\source\repos\ConsoleApplication1\ConsoleApplication1\nlohmann\json.hpp(3825,113): error C2760: синтаксическая ошибка: непредвиденный элемент ")". Ожидается ";"
C:\Users\lordm\source\repos\ConsoleApplication1\ConsoleApplication1\nlohmann\json.hpp(3825,113): error C3878: синтаксическая ошибка: непредвиденный маркер ")" после "jump_statement"
C:\Users\lordm\source\repos\ConsoleApplication1\ConsoleApplication1\nlohmann\json.hpp(3825,113): message : пропущено восстановление ошибки: ") >"
C:\Users\lordm\source\repos\ConsoleApplication1\ConsoleApplication1\nlohmann\json.hpp(3825,113): error C2760: синтаксическая ошибка: непредвиденный элемент ")". Ожидается "выражение"
C:\Users\lordm\source\repos\ConsoleApplication1\ConsoleApplication1\nlohmann\json.hpp(3825,113): error C3878: синтаксическая ошибка: непредвиденный маркер ")" после "expression_statement"
C:\Users\lordm\source\repos\ConsoleApplication1\ConsoleApplication1\nlohmann\json.hpp(3825,113): message : пропущено восстановление ошибки: ") ) ?"
C:\Users\lordm\source\repos\ConsoleApplication1\ConsoleApplication1\nlohmann\json.hpp(3825,113): message : пропущено восстановление ошибки: ") :"
C:\Users\lordm\source\repos\ConsoleApplication1\ConsoleApplication1\nlohmann\json.hpp(3825,113): message : пропущено восстановление ошибки: ") ) )"
C:\Users\lordm\source\repos\ConsoleApplication1\ConsoleApplication1\nlohmann\json.hpp(3836,101): warning C4003: недостаточно аргументов для вызова макроса, подобного функции, "min"
C:\Users\lordm\source\repos\ConsoleApplication1\ConsoleApplication1\nlohmann\json.hpp(3837,104): warning C4003: недостаточно аргументов для вызова макроса, подобного функции, "max"
C:\Users\lordm\source\repos\ConsoleApplication1\ConsoleApplication1\nlohmann\json.hpp(3836,101): error C2589: (: недопустимая лексема справа от "::"
C:\Users\lordm\source\repos\ConsoleApplication1\ConsoleApplication1\nlohmann\json.hpp(3839): message : выполняется компиляция ссылки на экземпляр класс шаблон функции "nlohmann::detail::value_in_range_of_impl2<OfType,T,true,true>"
C:\Users\lordm\source\repos\ConsoleApplication1\ConsoleApplication1\nlohmann\json.hpp(3836,101): error C2760: синтаксическая ошибка: непредвиденный элемент "(". Ожидается ")"
C:\Users\lordm\source\repos\ConsoleApplication1\ConsoleApplication1\nlohmann\json.hpp(3836,101): error C3878: синтаксическая ошибка: непредвиденный маркер "(" после "expression"
C:\Users\lordm\source\repos\ConsoleApplication1\ConsoleApplication1\nlohmann\json.hpp(3836,101): message : пропущено восстановление ошибки: "("
C:\Users\lordm\source\repos\ConsoleApplication1\ConsoleApplication1\nlohmann\json.hpp(3836,101): error C2760: синтаксическая ошибка: непредвиденный элемент ")". Ожидается ";"
C:\Users\lordm\source\repos\ConsoleApplication1\ConsoleApplication1\nlohmann\json.hpp(3836,101): error C3878: синтаксическая ошибка: непредвиденный маркер ")" после "jump_statement"
C:\Users\lordm\source\repos\ConsoleApplication1\ConsoleApplication1\nlohmann\json.hpp(3836,101): message : пропущено восстановление ошибки: ") <"
C:\Users\lordm\source\repos\ConsoleApplication1\ConsoleApplication1\nlohmann\json.hpp(3836,101): error C2760: синтаксическая ошибка: непредвиденный элемент ")". Ожидается "выражение"
C:\Users\lordm\source\repos\ConsoleApplication1\ConsoleApplication1\nlohmann\json.hpp(3836,101): error C3878: синтаксическая ошибка: непредвиденный маркер ")" после "expression_statement"
C:\Users\lordm\source\repos\ConsoleApplication1\ConsoleApplication1\nlohmann\json.hpp(3836,101): message : пропущено восстановление ошибки: ") ) ?"
C:\Users\lordm\source\repos\ConsoleApplication1\ConsoleApplication1\nlohmann\json.hpp(3836,101): message : пропущено восстановление ошибки: ") :"
C:\Users\lordm\source\repos\ConsoleApplication1\ConsoleApplication1\nlohmann\json.hpp(3836,101): message : пропущено восстановление ошибки: ") ) )  . . . &&"
C:\Users\lordm\source\repos\ConsoleApplication1\ConsoleApplication1\nlohmann\json.hpp(3837,104): error C2589: (: недопустимая лексема справа от "::"
C:\Users\lordm\source\repos\ConsoleApplication1\ConsoleApplication1\nlohmann\json.hpp(3837,104): error C2760: синтаксическая ошибка: непредвиденный элемент "(". Ожидается ")"
C:\Users\lordm\source\repos\ConsoleApplication1\ConsoleApplication1\nlohmann\json.hpp(3837,104): error C3878: синтаксическая ошибка: непредвиденный маркер "(" после "expression"
C:\Users\lordm\source\repos\ConsoleApplication1\ConsoleApplication1\nlohmann\json.hpp(3837,104): message : пропущено восстановление ошибки: "("
C:\Users\lordm\source\repos\ConsoleApplication1\ConsoleApplication1\nlohmann\json.hpp(3837,104): error C2760: синтаксическая ошибка: непредвиденный элемент ")". Ожидается ";"
C:\Users\lordm\source\repos\ConsoleApplication1\ConsoleApplication1\nlohmann\json.hpp(3837,104): error C3878: синтаксическая ошибка: непредвиденный маркер ")" после "expression_statement"
C:\Users\lordm\source\repos\ConsoleApplication1\ConsoleApplication1\nlohmann\json.hpp(3837,104): message : пропущено восстановление ошибки: ") >"
C:\Users\lordm\source\repos\ConsoleApplication1\ConsoleApplication1\nlohmann\json.hpp(3837,104): error C2760: синтаксическая ошибка: непредвиденный элемент ")". Ожидается "выражение"
C:\Users\lordm\source\repos\ConsoleApplication1\ConsoleApplication1\nlohmann\json.hpp(3837,104): message : пропущено восстановление ошибки: ") ) ?"
C:\Users\lordm\source\repos\ConsoleApplication1\ConsoleApplication1\nlohmann\json.hpp(3837,104): message : пропущено восстановление ошибки: ") :"
C:\Users\lordm\source\repos\ConsoleApplication1\ConsoleApplication1\nlohmann\json.hpp(3837,104): message : пропущено восстановление ошибки: ") ) )"
  easywsclient.cpp
C:\Users\lordm\source\repos\ConsoleApplication1\ConsoleApplication1\easywsclient.cpp(96,23): warning C4477: "fprintf": в строке форматирования "%s" требуется аргумент типа "char *", но вариативный аргумент "1" имеет тип "WCHAR *"
C:\Users\lordm\source\repos\ConsoleApplication1\ConsoleApplication1\easywsclient.cpp(96,23): message : рекомендуется использовать "%ls" в строке форматирования
C:\Users\lordm\source\repos\ConsoleApplication1\ConsoleApplication1\easywsclient.cpp(96,23): message : рекомендуется использовать "%lls" в строке форматирования
C:\Users\lordm\source\repos\ConsoleApplication1\ConsoleApplication1\easywsclient.cpp(96,23): message : рекомендуется использовать "%Ls" в строке форматирования
C:\Users\lordm\source\repos\ConsoleApplication1\ConsoleApplication1\easywsclient.cpp(96,23): message : рекомендуется использовать "%ws" в строке форматирования
C:\Users\lordm\source\repos\ConsoleApplication1\ConsoleApplication1\easywsclient.cpp(439,35): warning C4244: инициализация: преобразование "uint64_t" в "size_t", возможна потеря данных
C:\Users\lordm\source\repos\ConsoleApplication1\ConsoleApplication1\easywsclient.cpp(358): message : выполняется компиляция ссылки на экземпляр шаблон функции "void `anonymous-namespace'::_RealWebSocket::sendData<std::_String_iterator<std::_String_val<std::_Simple_types<_Elem>>>>(`anonymous-namespace'::_RealWebSocket::wsheader_type::opcode_type,uint64_t,Iterator,Iterator)"
          with
          [
              _Elem=char,
              Iterator=std::_String_iterator<std::_String_val<std::_Simple_types<char>>>
          ]
  Создание кода...
